<?xml version="1.0" encoding="UTF-8"?>
<!-- Generated by org.testng.reporters.JUnitReportReporter -->
<testsuite skipped="0" hostname="LAPTOP-G8T2QIRH" name="fl.crm.testcases.ContactsTest" tests="4" failures="0" timestamp="01 Oct 2022 16:06:40 GMT" time="52.814" errors="0">
  <testcase name="createANewContactAndValidateItIsCreated" time="12.372" classname="fl.crm.testcases.ContactsTest"/>
  <testcase name="createANewContactAndValidateItIsCreated" time="13.037" classname="fl.crm.testcases.ContactsTest"/>
  <testcase name="createANewContactAndValidateItIsCreated" time="13.455" classname="fl.crm.testcases.ContactsTest"/>
  <testcase name="createANewContactAndValidateItIsCreated" time="13.950" classname="fl.crm.testcases.ContactsTest"/>
</testsuite> <!-- fl.crm.testcases.ContactsTest -->
