<?xml version="1.0" encoding="UTF-8"?>
<!-- Generated by org.testng.reporters.JUnitReportReporter -->
<testsuite skipped="0" hostname="LAPTOP-G8T2QIRH" name="fl.crm.testcases.LoginTest" tests="2" failures="0" timestamp="2022-10-01T22:50:02 IST" time="13.452" errors="0">
  <testcase name="verifyTitle" time="0.062" classname="fl.crm.testcases.LoginTest"/>
  <system-out/>
  <testcase name="login" time="13.390" classname="fl.crm.testcases.LoginTest"/>
  <system-out/>
</testsuite> <!-- fl.crm.testcases.LoginTest -->
