<?xml version="1.0" encoding="UTF-8"?>
<!-- Generated by org.testng.reporters.JUnitReportReporter -->
<testsuite skipped="0" hostname="LAPTOP-G8T2QIRH" name="fl.crm.testcases.ContactsTest" tests="4" failures="0" timestamp="2022-10-01T22:50:02 IST" time="54.535" errors="0">
  <testcase name="createANewContactAndValidateItIsCreated" time="13.230" classname="fl.crm.testcases.ContactsTest"/>
  <system-out/>
  <testcase name="createANewContactAndValidateItIsCreated" time="14.076" classname="fl.crm.testcases.ContactsTest"/>
  <system-out/>
  <testcase name="createANewContactAndValidateItIsCreated" time="13.808" classname="fl.crm.testcases.ContactsTest"/>
  <system-out/>
  <testcase name="createANewContactAndValidateItIsCreated" time="13.421" classname="fl.crm.testcases.ContactsTest"/>
  <system-out/>
</testsuite> <!-- fl.crm.testcases.ContactsTest -->
