<?xml version="1.0" encoding="UTF-8"?>
<!-- Generated by org.testng.reporters.JUnitReportReporter -->
<testsuite skipped="0" hostname="LAPTOP-G8T2QIRH" name="fl.crm.testcases.HomeTest" tests="6" failures="0" timestamp="2022-10-01T22:50:02 IST" time="1.588" errors="0">
  <testcase name="validateCompaniesMenuLinkIsDisplayed" time="0.044" classname="fl.crm.testcases.HomeTest"/>
  <system-out/>
  <testcase name="validateContactsMenuLinkIsDisplayed" time="0.058" classname="fl.crm.testcases.HomeTest"/>
  <system-out/>
  <testcase name="verifyHomePageTitle" time="0.014" classname="fl.crm.testcases.HomeTest"/>
  <system-out/>
  <testcase name="validateCalanderMenuLinkIsDisplayed" time="1.358" classname="fl.crm.testcases.HomeTest"/>
  <system-out/>
  <testcase name="validateHomeMenuLinkIsDisplayed" time="0.063" classname="fl.crm.testcases.HomeTest"/>
  <system-out/>
  <testcase name="validateDealsMenuLinkIsDisplayed" time="0.051" classname="fl.crm.testcases.HomeTest"/>
  <system-out/>
</testsuite> <!-- fl.crm.testcases.HomeTest -->
